[22:56:28] [main/INFO]: Setting user: Player294
[22:56:29] [Client thread/INFO]: LWJGL Version: 2.9.1
[22:56:34] [Client thread/INFO]: Reloading ResourceManager: Default, FMLFileResourcePack:Forge Mod Loader, FMLFileResourcePack:Minecraft Forge, FMLFileResourcePack:Cheddar Mod
[22:56:35] [Sound Library Loader/INFO]: Sound engine started
[22:56:36] [Client thread/INFO]: Created: 512x256 textures/blocks-atlas
[22:56:36] [Client thread/INFO]: Created: 256x256 textures/items-atlas
[22:56:36] [Client thread/INFO]: Reloading ResourceManager: Default, FMLFileResourcePack:Forge Mod Loader, FMLFileResourcePack:Minecraft Forge, FMLFileResourcePack:Cheddar Mod
[22:56:36] [Client thread/INFO]: Created: 512x256 textures/blocks-atlas
[22:56:36] [Client thread/INFO]: Created: 256x256 textures/items-atlas
[22:56:37] [Sound Library Loader/INFO]: Sound engine started
[22:56:39] [Server thread/INFO]: Starting integrated minecraft server version 1.7.10
[22:56:39] [Server thread/INFO]: Generating keypair
[22:56:39] [Server thread/INFO]: Preparing start region for level 0
[22:56:40] [Server thread/INFO]: Changing view distance to 12, from 10
[22:56:41] [Server thread/INFO]: Player294[local:E:7957c750] logged in with entity id 146 at (-1554.3602048514365, 6.0, -600.9915739369219)
[22:56:41] [Server thread/INFO]: Player294 joined the game
[22:56:41] [Server thread/INFO]: Saving and pausing game...
[22:56:41] [Server thread/INFO]: Saving chunks for level 'Debug'/Overworld
[22:56:41] [Server thread/INFO]: Saving chunks for level 'Debug'/Nether
[22:56:41] [Server thread/INFO]: Saving chunks for level 'Debug'/The End
[22:56:50] [Server thread/INFO]: Player294 has just earned the achievement [Taking Inventory]
[22:56:50] [Client thread/INFO]: [CHAT] Player294 has just earned the achievement [Taking Inventory]
[22:58:13] [Server thread/INFO]: Saving and pausing game...
[22:58:13] [Server thread/INFO]: Saving chunks for level 'Debug'/Overworld
[22:58:13] [Server thread/INFO]: Saving chunks for level 'Debug'/Nether
[22:58:13] [Server thread/INFO]: Saving chunks for level 'Debug'/The End
[22:58:13] [Server thread/INFO]: Stopping server
[22:58:13] [Server thread/INFO]: Saving players
[22:58:13] [Server thread/INFO]: Saving worlds
[22:58:13] [Server thread/INFO]: Saving chunks for level 'Debug'/Overworld
[22:58:13] [Server thread/INFO]: Saving chunks for level 'Debug'/Nether
[22:58:13] [Server thread/INFO]: Saving chunks for level 'Debug'/The End
[22:58:15] [Server thread/INFO]: Starting integrated minecraft server version 1.7.10
[22:58:15] [Server thread/INFO]: Generating keypair
[22:58:16] [Server thread/INFO]: Preparing start region for level 0
[22:58:16] [Server thread/INFO]: Changing view distance to 12, from 10
[22:58:16] [Server thread/INFO]: Player294[local:E:88f24274] logged in with entity id 311759 at (-1538.3787317479216, 5.493802226966314, -600.8256089766427)
[22:58:16] [Server thread/INFO]: Player294 joined the game
[22:58:28] [Client thread/INFO]: [CHAT] commandBlockOutput, doDaylightCycle, doFireTick, doMobLoot, doMobSpawning, doTileDrops, keepInventory, mobGriefing, naturalRegeneration
[22:58:28] [Client thread/INFO]: [CHAT] commandBlockOutput, doDaylightCycle, doFireTick, doMobLoot, doMobSpawning, doTileDrops, keepInventory, mobGriefing, naturalRegeneration
[22:58:34] [Server thread/INFO]: [Player294: Game rule has been updated]
[22:58:34] [Client thread/INFO]: [CHAT] Game rule has been updated
[22:58:39] [Server thread/INFO]: [Player294: Set the time to 6000]
[22:58:39] [Client thread/INFO]: [CHAT] Set the time to 6000
[22:58:40] [Server thread/INFO]: Saving and pausing game...
[22:58:40] [Server thread/INFO]: Saving chunks for level 'Debug'/Overworld
[22:58:40] [Server thread/INFO]: Saving chunks for level 'Debug'/Nether
[22:58:40] [Server thread/INFO]: Saving chunks for level 'Debug'/The End
[22:58:40] [Server thread/INFO]: Stopping server
[22:58:40] [Server thread/INFO]: Saving players
[22:58:40] [Server thread/INFO]: Saving worlds
[22:58:40] [Server thread/INFO]: Saving chunks for level 'Debug'/Overworld
[22:58:40] [Server thread/INFO]: Saving chunks for level 'Debug'/Nether
[22:58:40] [Server thread/INFO]: Saving chunks for level 'Debug'/The End
[22:58:41] [Client thread/INFO]: Stopping!
